nohup: ignoring input
node:events:491
      throw er; // Unhandled 'error' event
      ^

Error: listen EACCES: permission denied 0.0.0.0:80
    at Server.setupListenHandle [as _listen2] (node:net:1723:21)
    at listenInCluster (node:net:1788:12)
    at Server.listen (node:net:1876:7)
    at Function.listen (/home/ubuntu/assignment0706/Campus-Summer-Back-End/students/steven/Canchu/node_modules/express/lib/application.js:635:24)
    at Object.<anonymous> (/home/ubuntu/assignment0706/Campus-Summer-Back-End/students/steven/Canchu/server.js:94:5)
    at Module._compile (node:internal/modules/cjs/loader:1256:14)
    at Module._extensions..js (node:internal/modules/cjs/loader:1310:10)
    at Module.load (node:internal/modules/cjs/loader:1119:32)
    at Module._load (node:internal/modules/cjs/loader:960:12)
    at Function.executeUserEntryPoint [as runMain] (node:internal/modules/run_main:81:12)
Emitted 'error' event on Server instance at:
    at emitErrorNT (node:net:1767:8)
    at process.processTicksAndRejections (node:internal/process/task_queues:82:21) {
  code: 'EACCES',
  errno: -13,
  syscall: 'listen',
  address: '0.0.0.0',
  port: 80
}

Node.js v18.16.1
